<?xml version="1.0" encoding="UTF-8"?>
<!-- Generated by org.testng.reporters.JUnitReportReporter -->
<testsuite hostname="DESKTOP-NFLH6O9" failures="0" tests="6" name="appsuite.DemoQASuite" time="46.102" errors="0" timestamp="2025-03-06T02:32:59 IST" skipped="0">
  <testcase classname="appsuite.DemoQASuite" name="navigateToForm" time="8.275"/>
  <testcase classname="appsuite.DemoQASuite" name="enterFormDataAndSave" time="8.137"/>
  <testcase classname="appsuite.DemoQASuite" name="enterFormDataAndSave" time="8.146"/>
  <testcase classname="appsuite.DemoQASuite" name="handleAlert" time="12.471"/>
  <testcase classname="appsuite.DemoQASuite" name="handleFrames" time="4.777"/>
  <testcase classname="appsuite.DemoQASuite" name="handleWindows" time="4.296"/>
</testsuite> <!-- appsuite.DemoQASuite -->
